[debug] [2021-06-06T08:58:02.800Z] ----------------------------------------------------------------------
[debug] [2021-06-06T08:58:02.816Z] Command:       C:\Users\RAYNAN~1\Desktop\Final\WAPl\firebase-tools-instant-win.exe C:\Users\Rayna Noveloisa Baoy\.cache\firebase\tools\lib\node_modules\firebase-tools\lib\bin\firebase init
[debug] [2021-06-06T08:58:02.817Z] CLI Version:   9.12.1
[debug] [2021-06-06T08:58:02.817Z] Platform:      win32
[debug] [2021-06-06T08:58:02.819Z] Node Version:  v12.18.1
[debug] [2021-06-06T08:58:02.824Z] Time:          Sun Jun 06 2021 01:58:02 GMT-0700 (Pacific Daylight Time)
[debug] [2021-06-06T08:58:02.825Z] ----------------------------------------------------------------------
[debug] 
[debug] [2021-06-06T08:58:02.872Z] > command requires scopes: ["email","openid","https://www.googleapis.com/auth/cloudplatformprojects.readonly","https://www.googleapis.com/auth/firebase","https://www.googleapis.com/auth/cloud-platform"]
[debug] [2021-06-06T08:58:02.873Z] > authorizing via FIREBASE_TOKEN environment variable
[info] 
     ######## #### ########  ######## ########     ###     ######  ########
     ##        ##  ##     ## ##       ##     ##  ##   ##  ##       ##
     ######    ##  ########  ######   ########  #########  ######  ######
     ##        ##  ##    ##  ##       ##     ## ##     ##       ## ##
     ##       #### ##     ## ######## ########  ##     ##  ######  ########

You're about to initialize a Firebase project in this directory:

  C:\Users\Rayna Noveloisa Baoy\Desktop\Final\WAPl

[info] 
=== Project Setup
[info] 
[info] First, let's associate this project directory with a Firebase project.
[info] You can create multiple project aliases by running firebase use --add, 
[info] but for now we'll just set up a default project.
[info] 
[debug] [2021-06-06T09:07:50.217Z] > refreshing access token with scopes: []
[debug] [2021-06-06T09:07:50.219Z] >>> HTTP REQUEST POST https://www.googleapis.com/oauth2/v3/token  
 <request body omitted>
[debug] [2021-06-06T09:07:50.750Z] <<< HTTP RESPONSE 200 {"cache-control":"no-cache, no-store, max-age=0, must-revalidate","date":"Sun, 06 Jun 2021 09:07:49 GMT","pragma":"no-cache","expires":"Mon, 01 Jan 1990 00:00:00 GMT","content-type":"application/json; charset=utf-8","vary":"X-Origin, Referer, Origin,Accept-Encoding","server":"scaffolding on HTTPServer2","x-xss-protection":"0","x-frame-options":"SAMEORIGIN","x-content-type-options":"nosniff","alt-svc":"h3-29=\":443\"; ma=2592000,h3-T051=\":443\"; ma=2592000,h3-Q050=\":443\"; ma=2592000,h3-Q046=\":443\"; ma=2592000,h3-Q043=\":443\"; ma=2592000,quic=\":443\"; ma=2592000; v=\"46,43\"","accept-ranges":"none","transfer-encoding":"chunked"}
[debug] [2021-06-06T09:07:50.762Z] >>> [apiv2][query] GET https://firebase.googleapis.com/v1beta1/projects pageSize=100
[debug] [2021-06-06T09:08:20.775Z] Timeout reached making request to https://firebase.googleapis.com/v1beta1/projects?pageSize=100
[debug] [2021-06-06T09:08:21.199Z] FirebaseError: Timeout reached making request to https://firebase.googleapis.com/v1beta1/projects?pageSize=100
    at Client.doRequest (C:\Users\Rayna Noveloisa Baoy\.cache\firebase\tools\lib\node_modules\firebase-tools\lib\apiv2.js:209:23)
    at processTicksAndRejections (internal/process/task_queues.js:97:5)
[error] 
[error] Error: Failed to list Firebase projects. See firebase-debug.log for more info.
[debug] [2021-06-06T09:13:04.085Z] ----------------------------------------------------------------------
[debug] [2021-06-06T09:13:04.100Z] Command:       C:\Users\RAYNAN~1\Desktop\Final\WAPl\firebase-tools-instant-win.exe C:\Users\Rayna Noveloisa Baoy\.cache\firebase\tools\lib\node_modules\firebase-tools\lib\bin\firebase init
[debug] [2021-06-06T09:13:04.101Z] CLI Version:   9.12.1
[debug] [2021-06-06T09:13:04.103Z] Platform:      win32
[debug] [2021-06-06T09:13:04.103Z] Node Version:  v12.18.1
[debug] [2021-06-06T09:13:04.110Z] Time:          Sun Jun 06 2021 02:13:04 GMT-0700 (Pacific Daylight Time)
[debug] [2021-06-06T09:13:04.111Z] ----------------------------------------------------------------------
[debug] 
[debug] [2021-06-06T09:13:04.215Z] > command requires scopes: ["email","openid","https://www.googleapis.com/auth/cloudplatformprojects.readonly","https://www.googleapis.com/auth/firebase","https://www.googleapis.com/auth/cloud-platform"]
[debug] [2021-06-06T09:13:04.216Z] > authorizing via FIREBASE_TOKEN environment variable
[info] 
     ######## #### ########  ######## ########     ###     ######  ########
     ##        ##  ##     ## ##       ##     ##  ##   ##  ##       ##
     ######    ##  ########  ######   ########  #########  ######  ######
     ##        ##  ##    ##  ##       ##     ## ##     ##       ## ##
     ##       #### ##     ## ######## ########  ##     ##  ######  ########

You're about to initialize a Firebase project in this directory:

  C:\Users\Rayna Noveloisa Baoy\Desktop\Final\WAPl

[info] 
=== Project Setup
[info] 
[info] First, let's associate this project directory with a Firebase project.
[info] You can create multiple project aliases by running firebase use --add, 
[info] but for now we'll just set up a default project.
[info] 
[debug] [2021-06-06T09:15:52.679Z] > refreshing access token with scopes: []
[debug] [2021-06-06T09:15:52.682Z] >>> HTTP REQUEST POST https://www.googleapis.com/oauth2/v3/token  
 <request body omitted>
[debug] [2021-06-06T09:15:53.179Z] <<< HTTP RESPONSE 200 {"pragma":"no-cache","cache-control":"no-cache, no-store, max-age=0, must-revalidate","expires":"Mon, 01 Jan 1990 00:00:00 GMT","date":"Sun, 06 Jun 2021 09:15:51 GMT","content-type":"application/json; charset=utf-8","vary":"X-Origin, Referer, Origin,Accept-Encoding","server":"scaffolding on HTTPServer2","x-xss-protection":"0","x-frame-options":"SAMEORIGIN","x-content-type-options":"nosniff","alt-svc":"h3-29=\":443\"; ma=2592000,h3-T051=\":443\"; ma=2592000,h3-Q050=\":443\"; ma=2592000,h3-Q046=\":443\"; ma=2592000,h3-Q043=\":443\"; ma=2592000,quic=\":443\"; ma=2592000; v=\"46,43\"","accept-ranges":"none","transfer-encoding":"chunked"}
[debug] [2021-06-06T09:15:53.191Z] >>> [apiv2][query] GET https://firebase.googleapis.com/v1beta1/projects pageSize=100
[debug] [2021-06-06T09:15:54.056Z] <<< [apiv2][status] GET https://firebase.googleapis.com/v1beta1/projects 200
[debug] [2021-06-06T09:15:54.056Z] <<< [apiv2][body] GET https://firebase.googleapis.com/v1beta1/projects [omitted]
[info] i  Using project waplogin-469a3 (WAPLogIn) 
[info] 
=== Database Setup
[info] i  database: ensuring required API firebasedatabase.googleapis.com is enabled... 
[debug] [2021-06-06T09:15:56.837Z] > refreshing access token with scopes: ["email","https://www.googleapis.com/auth/cloud-platform","https://www.googleapis.com/auth/cloudplatformprojects.readonly","https://www.googleapis.com/auth/firebase","openid"]
[debug] [2021-06-06T09:15:56.838Z] >>> HTTP REQUEST POST https://www.googleapis.com/oauth2/v3/token  
 <request body omitted>
[debug] [2021-06-06T09:15:57.225Z] <<< HTTP RESPONSE 200 {"expires":"Mon, 01 Jan 1990 00:00:00 GMT","cache-control":"no-cache, no-store, max-age=0, must-revalidate","date":"Sun, 06 Jun 2021 09:15:55 GMT","pragma":"no-cache","content-type":"application/json; charset=utf-8","vary":"X-Origin, Referer, Origin,Accept-Encoding","server":"scaffolding on HTTPServer2","x-xss-protection":"0","x-frame-options":"SAMEORIGIN","x-content-type-options":"nosniff","alt-svc":"h3-29=\":443\"; ma=2592000,h3-T051=\":443\"; ma=2592000,h3-Q050=\":443\"; ma=2592000,h3-Q046=\":443\"; ma=2592000,h3-Q043=\":443\"; ma=2592000,quic=\":443\"; ma=2592000; v=\"46,43\"","accept-ranges":"none","transfer-encoding":"chunked"}
[debug] [2021-06-06T09:15:57.229Z] >>> HTTP REQUEST GET https://serviceusage.googleapis.com/v1/projects/waplogin-469a3/services/firebasedatabase.googleapis.com  
 
[debug] [2021-06-06T09:15:58.834Z] <<< HTTP RESPONSE 200 {"content-type":"application/json; charset=UTF-8","vary":"X-Origin, Referer, Origin,Accept-Encoding","date":"Sun, 06 Jun 2021 09:15:57 GMT","server":"ESF","cache-control":"private","x-xss-protection":"0","x-frame-options":"SAMEORIGIN","x-content-type-options":"nosniff","alt-svc":"h3-29=\":443\"; ma=2592000,h3-T051=\":443\"; ma=2592000,h3-Q050=\":443\"; ma=2592000,h3-Q046=\":443\"; ma=2592000,h3-Q043=\":443\"; ma=2592000,quic=\":443\"; ma=2592000; v=\"46,43\"","accept-ranges":"none","transfer-encoding":"chunked"}
[info] +  database: required API firebasedatabase.googleapis.com is enabled 
[info] 
[debug] [2021-06-06T09:15:58.841Z] >>> HTTP REQUEST GET https://firebasedatabase.googleapis.com/v1beta/projects/waplogin-469a3/locations/-/instances/waplogin-469a3-default-rtdb  
 
[debug] [2021-06-06T09:15:59.789Z] <<< HTTP RESPONSE 200 {"content-type":"application/json; charset=UTF-8","vary":"X-Origin, Referer, Origin,Accept-Encoding","date":"Sun, 06 Jun 2021 09:15:58 GMT","server":"ESF","cache-control":"private","x-xss-protection":"0","x-frame-options":"SAMEORIGIN","x-content-type-options":"nosniff","alt-svc":"h3-29=\":443\"; ma=2592000,h3-T051=\":443\"; ma=2592000,h3-Q050=\":443\"; ma=2592000,h3-Q046=\":443\"; ma=2592000,h3-Q043=\":443\"; ma=2592000,quic=\":443\"; ma=2592000; v=\"46,43\"","accept-ranges":"none","transfer-encoding":"chunked"}
[info] 
[info] Firebase Realtime Database Security Rules allow you to define how your data should be
[info] structured and when your data can be read from and written to.
[info] 
[debug] [2021-06-06T09:16:19.533Z] >>> HTTP REQUEST GET https://waplogin-469a3-default-rtdb.firebaseio.com/.settings/rules.json  
 
[debug] [2021-06-06T09:16:20.562Z] <<< HTTP RESPONSE 200 {"server":"nginx","date":"Sun, 06 Jun 2021 09:16:18 GMT","content-type":"application/json; charset=utf-8","content-length":"60","connection":"keep-alive","access-control-allow-origin":"*","cache-control":"no-cache","strict-transport-security":"max-age=31556926; includeSubDomains; preload"}
[info] +  Database Rules for waplogin-469a3-default-rtdb have been written to database.rules.json. 
[info] Future modifications to database.rules.json will update Realtime Database Security Rules when you run
[info] firebase deploy.
[info] 
=== Firestore Setup
[debug] [2021-06-06T09:16:20.624Z] >>> HTTP REQUEST GET https://serviceusage.googleapis.com/v1/projects/waplogin-469a3/services/firestore.googleapis.com  
 
[debug] [2021-06-06T09:16:22.155Z] <<< HTTP RESPONSE 200 {"content-type":"application/json; charset=UTF-8","vary":"X-Origin, Referer, Origin,Accept-Encoding","date":"Sun, 06 Jun 2021 09:16:20 GMT","server":"ESF","cache-control":"private","x-xss-protection":"0","x-frame-options":"SAMEORIGIN","x-content-type-options":"nosniff","alt-svc":"h3-29=\":443\"; ma=2592000,h3-T051=\":443\"; ma=2592000,h3-Q050=\":443\"; ma=2592000,h3-Q046=\":443\"; ma=2592000,h3-Q043=\":443\"; ma=2592000,quic=\":443\"; ma=2592000; v=\"46,43\"","accept-ranges":"none","transfer-encoding":"chunked"}
[debug] [2021-06-06T09:16:22.157Z] >>> HTTP REQUEST GET https://appengine.googleapis.com/v1/apps/waplogin-469a3  
 
[debug] [2021-06-06T09:16:22.696Z] <<< HTTP RESPONSE 200 {"content-type":"application/json; charset=UTF-8","vary":"X-Origin, Referer, Origin,Accept-Encoding","date":"Sun, 06 Jun 2021 09:16:21 GMT","server":"ESF","cache-control":"private","x-xss-protection":"0","x-frame-options":"SAMEORIGIN","x-content-type-options":"nosniff","alt-svc":"h3-29=\":443\"; ma=2592000,h3-T051=\":443\"; ma=2592000,h3-Q050=\":443\"; ma=2592000,h3-Q046=\":443\"; ma=2592000,h3-Q043=\":443\"; ma=2592000,quic=\":443\"; ma=2592000; v=\"46,43\"","accept-ranges":"none","transfer-encoding":"chunked"}
[debug] [2021-06-06T09:16:22.697Z] database_type: CLOUD_FIRESTORE
[debug] [2021-06-06T09:16:22.699Z] > command requires scopes: ["email","openid","https://www.googleapis.com/auth/cloudplatformprojects.readonly","https://www.googleapis.com/auth/firebase","https://www.googleapis.com/auth/cloud-platform"]
[debug] [2021-06-06T09:16:22.700Z] > authorizing via FIREBASE_TOKEN environment variable
[debug] [2021-06-06T09:16:22.700Z] [iam] checking project waplogin-469a3 for permissions ["firebase.projects.get"]
[debug] [2021-06-06T09:16:22.702Z] >>> HTTP REQUEST POST https://cloudresourcemanager.googleapis.com/v1/projects/waplogin-469a3:testIamPermissions  
 {"permissions":["firebase.projects.get"]}
[debug] [2021-06-06T09:16:24.865Z] <<< HTTP RESPONSE 200 {"content-type":"application/json; charset=UTF-8","vary":"X-Origin, Referer, Origin,Accept-Encoding","date":"Sun, 06 Jun 2021 09:16:23 GMT","server":"ESF","cache-control":"private","x-xss-protection":"0","x-frame-options":"SAMEORIGIN","x-content-type-options":"nosniff","server-timing":"gfet4t7; dur=825","alt-svc":"h3-29=\":443\"; ma=2592000,h3-T051=\":443\"; ma=2592000,h3-Q050=\":443\"; ma=2592000,h3-Q046=\":443\"; ma=2592000,h3-Q043=\":443\"; ma=2592000,quic=\":443\"; ma=2592000; v=\"46,43\"","accept-ranges":"none","transfer-encoding":"chunked"}
[info] 
[info] Firestore Security Rules allow you to define how and when to allow
[info] requests. You can keep these rules in your project directory
[info] and publish them with firebase deploy.
[info] 
[debug] [2021-06-06T09:16:32.046Z] >>> HTTP REQUEST GET https://firebaserules.googleapis.com/v1/projects/waplogin-469a3/releases?pageSize=10&pageToken=  
 
[debug] [2021-06-06T09:16:33.484Z] <<< HTTP RESPONSE 200 {"content-type":"application/json; charset=UTF-8","vary":"X-Origin, Referer, Origin,Accept-Encoding","date":"Sun, 06 Jun 2021 09:16:31 GMT","server":"ESF","cache-control":"private","x-xss-protection":"0","x-frame-options":"SAMEORIGIN","x-content-type-options":"nosniff","alt-svc":"h3-29=\":443\"; ma=2592000,h3-T051=\":443\"; ma=2592000,h3-Q050=\":443\"; ma=2592000,h3-Q046=\":443\"; ma=2592000,h3-Q043=\":443\"; ma=2592000,quic=\":443\"; ma=2592000; v=\"46,43\"","accept-ranges":"none","transfer-encoding":"chunked"}
[debug] [2021-06-06T09:16:33.486Z] Found ruleset: projects/waplogin-469a3/rulesets/d97c807e-03d5-4241-8726-265ad394335b
[debug] [2021-06-06T09:16:33.487Z] >>> HTTP REQUEST GET https://firebaserules.googleapis.com/v1/projects/waplogin-469a3/rulesets/d97c807e-03d5-4241-8726-265ad394335b  
 
[debug] [2021-06-06T09:16:34.770Z] <<< HTTP RESPONSE 200 {"content-type":"application/json; charset=UTF-8","vary":"X-Origin, Referer, Origin,Accept-Encoding","date":"Sun, 06 Jun 2021 09:16:33 GMT","server":"ESF","cache-control":"private","x-xss-protection":"0","x-frame-options":"SAMEORIGIN","x-content-type-options":"nosniff","alt-svc":"h3-29=\":443\"; ma=2592000,h3-T051=\":443\"; ma=2592000,h3-Q050=\":443\"; ma=2592000,h3-Q046=\":443\"; ma=2592000,h3-Q043=\":443\"; ma=2592000,quic=\":443\"; ma=2592000; v=\"46,43\"","accept-ranges":"none","transfer-encoding":"chunked"}
[info] 
[info] Firestore indexes allow you to perform complex queries while
[info] maintaining performance that scales with the size of the result
[info] set. You can keep index definitions in your project directory
[info] and publish them with firebase deploy.
[info] 
[debug] [2021-06-06T09:18:08.355Z] >>> HTTP REQUEST GET https://firestore.googleapis.com/v1/projects/waplogin-469a3/databases/(default)/collectionGroups/-/indexes  
 
[debug] [2021-06-06T09:18:08.356Z] >>> HTTP REQUEST GET https://firestore.googleapis.com/v1/projects/waplogin-469a3/databases/(default)/collectionGroups/-/fields?filter=indexConfig.usesAncestorConfig=false  
 
[debug] [2021-06-06T09:18:09.277Z] <<< HTTP RESPONSE 200 {"content-type":"application/json; charset=UTF-8","vary":"X-Origin, Referer, Origin,Accept-Encoding","date":"Sun, 06 Jun 2021 09:18:07 GMT","server":"ESF","cache-control":"private","x-xss-protection":"0","x-frame-options":"SAMEORIGIN","x-content-type-options":"nosniff","alt-svc":"h3-29=\":443\"; ma=2592000,h3-T051=\":443\"; ma=2592000,h3-Q050=\":443\"; ma=2592000,h3-Q046=\":443\"; ma=2592000,h3-Q043=\":443\"; ma=2592000,quic=\":443\"; ma=2592000; v=\"46,43\"","accept-ranges":"none","transfer-encoding":"chunked"}
[debug] [2021-06-06T09:18:09.298Z] <<< HTTP RESPONSE 200 {"content-type":"application/json; charset=UTF-8","vary":"X-Origin, Referer, Origin,Accept-Encoding","date":"Sun, 06 Jun 2021 09:18:07 GMT","server":"ESF","cache-control":"private","x-xss-protection":"0","x-frame-options":"SAMEORIGIN","x-content-type-options":"nosniff","alt-svc":"h3-29=\":443\"; ma=2592000,h3-T051=\":443\"; ma=2592000,h3-Q050=\":443\"; ma=2592000,h3-Q046=\":443\"; ma=2592000,h3-Q043=\":443\"; ma=2592000,quic=\":443\"; ma=2592000; v=\"46,43\"","accept-ranges":"none","transfer-encoding":"chunked"}
[info] 
=== Functions Setup
[info] 
[info] A functions directory will be created in your project with a Node.js
[info] package pre-configured. Functions can be deployed with firebase deploy.
[info] 
[debug] [2021-06-06T09:18:09.336Z] > command requires scopes: ["email","openid","https://www.googleapis.com/auth/cloudplatformprojects.readonly","https://www.googleapis.com/auth/firebase","https://www.googleapis.com/auth/cloud-platform"]
[debug] [2021-06-06T09:18:09.337Z] > authorizing via FIREBASE_TOKEN environment variable
[debug] [2021-06-06T09:18:09.345Z] [iam] checking project waplogin-469a3 for permissions ["firebase.projects.get"]
[debug] [2021-06-06T09:18:09.349Z] >>> HTTP REQUEST POST https://cloudresourcemanager.googleapis.com/v1/projects/waplogin-469a3:testIamPermissions  
 {"permissions":["firebase.projects.get"]}
[debug] [2021-06-06T09:18:10.712Z] <<< HTTP RESPONSE 200 {"content-type":"application/json; charset=UTF-8","vary":"X-Origin, Referer, Origin,Accept-Encoding","date":"Sun, 06 Jun 2021 09:18:09 GMT","server":"ESF","cache-control":"private","x-xss-protection":"0","x-frame-options":"SAMEORIGIN","x-content-type-options":"nosniff","server-timing":"gfet4t7; dur=844","alt-svc":"h3-29=\":443\"; ma=2592000,h3-T051=\":443\"; ma=2592000,h3-Q050=\":443\"; ma=2592000,h3-Q046=\":443\"; ma=2592000,h3-Q043=\":443\"; ma=2592000,quic=\":443\"; ma=2592000; v=\"46,43\"","accept-ranges":"none","transfer-encoding":"chunked"}
[debug] [2021-06-06T09:18:10.715Z] >>> HTTP REQUEST POST https://serviceusage.googleapis.com/v1/projects/waplogin-469a3/services/cloudfunctions.googleapis.com:enable  
 
[debug] [2021-06-06T09:18:10.716Z] >>> HTTP REQUEST POST https://serviceusage.googleapis.com/v1/projects/waplogin-469a3/services/runtimeconfig.googleapis.com:enable  
 
[debug] [2021-06-06T09:18:12.154Z] <<< HTTP RESPONSE 200 {"content-type":"application/json; charset=UTF-8","vary":"X-Origin, Referer, Origin,Accept-Encoding","date":"Sun, 06 Jun 2021 09:18:10 GMT","server":"ESF","cache-control":"private","x-xss-protection":"0","x-frame-options":"SAMEORIGIN","x-content-type-options":"nosniff","alt-svc":"h3-29=\":443\"; ma=2592000,h3-T051=\":443\"; ma=2592000,h3-Q050=\":443\"; ma=2592000,h3-Q046=\":443\"; ma=2592000,h3-Q043=\":443\"; ma=2592000,quic=\":443\"; ma=2592000; v=\"46,43\"","accept-ranges":"none","transfer-encoding":"chunked"}
[debug] [2021-06-06T09:18:12.184Z] <<< HTTP RESPONSE 200 {"content-type":"application/json; charset=UTF-8","vary":"X-Origin, Referer, Origin,Accept-Encoding","date":"Sun, 06 Jun 2021 09:18:10 GMT","server":"ESF","cache-control":"private","x-xss-protection":"0","x-frame-options":"SAMEORIGIN","x-content-type-options":"nosniff","alt-svc":"h3-29=\":443\"; ma=2592000,h3-T051=\":443\"; ma=2592000,h3-Q050=\":443\"; ma=2592000,h3-Q046=\":443\"; ma=2592000,h3-Q043=\":443\"; ma=2592000,quic=\":443\"; ma=2592000; v=\"46,43\"","accept-ranges":"none","transfer-encoding":"chunked"}
[info] +  Wrote functions/package.json 
[info] +  Wrote functions/.eslintrc.js 
[info] +  Wrote functions/index.js 
[info] +  Wrote functions/.gitignore 
[info] 
=== Hosting Setup
[info] 
[info] Your public directory is the folder (relative to your project directory) that
[info] will contain Hosting assets to be uploaded with firebase deploy. If you
[info] have a build process for your assets, use your build's output directory.
[info] 
[info] +  Wrote public/404.html 
[debug] [2021-06-06T09:18:49.370Z] >>> [apiv2][query] GET https://www.gstatic.com/firebasejs/releases.json [none]
[debug] [2021-06-06T09:18:49.725Z] <<< [apiv2][status] GET https://www.gstatic.com/firebasejs/releases.json 200
[debug] [2021-06-06T09:18:49.726Z] <<< [apiv2][body] GET https://www.gstatic.com/firebasejs/releases.json {"current":{"version":"8.6.5","browserURL":"https://www.gstatic.com/firebasejs/8.6.5/firebase.js","packageURL":"https://www.gstatic.com/firebasejs/8.6.5/firebase.tgz"},"live":{"version":"8.6","browserURL":"https://www.gstatic.com/firebasejs/live/8.6/firebase.js","packageURL":"https://www.gstatic.com/firebasejs/live/8.6/firebase.tgz"},"components":{"analytics":"https://www.gstatic.com/firebasejs/8.6.5/firebase-analytics.js","app":"https://www.gstatic.com/firebasejs/8.6.5/firebase-app.js","app-check":"https://www.gstatic.com/firebasejs/8.6.5/firebase-app-check.js","auth":"https://www.gstatic.com/firebasejs/8.6.5/firebase-auth.js","database":"https://www.gstatic.com/firebasejs/8.6.5/firebase-database.js","firestore":"https://www.gstatic.com/firebasejs/8.6.5/firebase-firestore.js","functions":"https://www.gstatic.com/firebasejs/8.6.5/firebase-functions.js","installations":"https://www.gstatic.com/firebasejs/8.6.5/firebase-installations.js","messaging":"https://www.gstatic.com/firebasejs/8.6.5/firebase-messaging.js","storage":"https://www.gstatic.com/firebasejs/8.6.5/firebase-storage.js","performance":"https://www.gstatic.com/firebasejs/8.6.5/firebase-performance.js","remote-config":"https://www.gstatic.com/firebasejs/8.6.5/firebase-remote-config.js","firestore.memory":"https://www.gstatic.com/firebasejs/8.6.5/firebase-firestore.memory.js"}}
[info] +  Wrote public/index.html 
[info] 
[info] i  Detected a .git folder at C:\Users\Rayna Noveloisa Baoy\Desktop\Final\WAPl 
[info] i  Authorizing with GitHub to upload your service account to a GitHub repository's secrets store. 
[info] 
[info] Visit this URL on this device to log in:
[info] https://github.com/login/oauth/authorize?client_id=89cf50f02ac6aaed3484&state=795111524&redirect_uri=http%3A%2F%2Flocalhost%3A9005&scope=read%3Auser%20repo%20public_repo
[info] 
[info] Waiting for authentication...
[debug] [2021-06-06T09:18:51.471Z] >>> HTTP REQUEST POST https://github.com/login/oauth/access_token  
 {"client_id":"89cf50f02ac6aaed3484","client_secret":"3330d14abc895d9a74d5f17cd7a00711fa2c5bf0","code":"261633ca9e3ba976949d","redirect_uri":"http://localhost:9005","state":"795111524"}
[debug] [2021-06-06T09:18:52.204Z] <<< HTTP RESPONSE 200 {"server":"GitHub.com","date":"Sun, 06 Jun 2021 09:18:50 GMT","content-type":"application/json; charset=utf-8","transfer-encoding":"chunked","vary":"X-PJAX, Accept-Encoding, Accept, X-Requested-With","permissions-policy":"interest-cohort=()","etag":"W/\"9474c1bbea0b1e8f7ce774af0deeb503\"","cache-control":"max-age=0, private, must-revalidate","strict-transport-security":"max-age=31536000; includeSubdomains; preload","x-frame-options":"deny","x-content-type-options":"nosniff","x-xss-protection":"0","referrer-policy":"origin-when-cross-origin, strict-origin-when-cross-origin","expect-ct":"max-age=2592000, report-uri=\"https://api.github.com/_private/browser/errors\"","content-security-policy":"default-src 'none'; base-uri 'self'; block-all-mixed-content; connect-src 'self' uploads.github.com www.githubstatus.com collector.githubapp.com api.github.com github-cloud.s3.amazonaws.com github-production-repository-file-5c1aeb.s3.amazonaws.com github-production-upload-manifest-file-7fdce7.s3.amazonaws.com github-production-user-asset-6210df.s3.amazonaws.com html-translator.herokuapp.com cdn.optimizely.com logx.optimizely.com/v1/events wss://alive.github.com; font-src github.githubassets.com; form-action 'self' github.com gist.github.com; frame-ancestors 'none'; frame-src render.githubusercontent.com; img-src 'self' data: github.githubassets.com identicons.github.com collector.githubapp.com github-cloud.s3.amazonaws.com secured-user-images.githubusercontent.com/ *.githubusercontent.com; manifest-src 'self'; media-src 'none'; script-src github.githubassets.com; style-src 'unsafe-inline' github.githubassets.com; worker-src github.com/socket-worker-3f088aa2.js gist.github.com/socket-worker-3f088aa2.js","x-github-request-id":"3FC4:09EE:12C2AFD:13CD0DB:60BC92FA"}
[debug] [2021-06-06T09:18:52.255Z] >>> [apiv2][query] GET https://api.github.com/user [none]
[debug] [2021-06-06T09:18:52.921Z] <<< [apiv2][status] GET https://api.github.com/user 200
[debug] [2021-06-06T09:18:52.922Z] <<< [apiv2][body] GET https://api.github.com/user {"login":"RaynaNoveloisaBaoy","id":81216151,"node_id":"MDQ6VXNlcjgxMjE2MTUx","avatar_url":"https://avatars.githubusercontent.com/u/81216151?v=4","gravatar_id":"","url":"https://api.github.com/users/RaynaNoveloisaBaoy","html_url":"https://github.com/RaynaNoveloisaBaoy","followers_url":"https://api.github.com/users/RaynaNoveloisaBaoy/followers","following_url":"https://api.github.com/users/RaynaNoveloisaBaoy/following{/other_user}","gists_url":"https://api.github.com/users/RaynaNoveloisaBaoy/gists{/gist_id}","starred_url":"https://api.github.com/users/RaynaNoveloisaBaoy/starred{/owner}{/repo}","subscriptions_url":"https://api.github.com/users/RaynaNoveloisaBaoy/subscriptions","organizations_url":"https://api.github.com/users/RaynaNoveloisaBaoy/orgs","repos_url":"https://api.github.com/users/RaynaNoveloisaBaoy/repos","events_url":"https://api.github.com/users/RaynaNoveloisaBaoy/events{/privacy}","received_events_url":"https://api.github.com/users/RaynaNoveloisaBaoy/received_events","type":"User","site_admin":false,"name":null,"company":null,"blog":"","location":null,"email":null,"hireable":null,"bio":null,"twitter_username":null,"public_repos":9,"public_gists":0,"followers":0,"following":0,"created_at":"2021-03-23T06:52:57Z","updated_at":"2021-06-05T10:42:49Z","private_gists":0,"total_private_repos":3,"owned_private_repos":3,"disk_usage":515650,"collaborators":0,"two_factor_authentication":false,"plan":{"name":"free","space":976562499,"collaborators":0,"private_repos":10000}}
[info] 
[info] +  Success! Logged into GitHub as RaynaNoveloisaBaoy 
[info] 
[debug] [2021-06-06T09:19:22.063Z] >>> [apiv2][query] GET https://api.github.com/repos/format: WAP/actions/secrets/public-key type=owner
[debug] [2021-06-06T09:19:22.618Z] <<< [apiv2][status] GET https://api.github.com/repos/format: WAP/actions/secrets/public-key 404
[debug] [2021-06-06T09:19:22.618Z] <<< [apiv2][body] GET https://api.github.com/repos/format: WAP/actions/secrets/public-key {"message":"Not Found","documentation_url":"https://docs.github.com/rest"}
[debug] [2021-06-06T09:19:28.694Z] >>> [apiv2][query] GET https://api.github.com/repos/WAP/actions/secrets/public-key type=owner
[debug] [2021-06-06T09:19:29.290Z] <<< [apiv2][status] GET https://api.github.com/repos/WAP/actions/secrets/public-key 404
[debug] [2021-06-06T09:19:29.290Z] <<< [apiv2][body] GET https://api.github.com/repos/WAP/actions/secrets/public-key {"message":"Not Found","documentation_url":"https://docs.github.com/rest"}
[debug] [2021-06-06T09:19:55.231Z] >>> [apiv2][query] GET https://api.github.com/repos/format: WAP/actions/secrets/public-key type=owner
[debug] [2021-06-06T09:19:55.899Z] <<< [apiv2][status] GET https://api.github.com/repos/format: WAP/actions/secrets/public-key 404
[debug] [2021-06-06T09:19:55.900Z] <<< [apiv2][body] GET https://api.github.com/repos/format: WAP/actions/secrets/public-key {"message":"Not Found","documentation_url":"https://docs.github.com/rest"}
[debug] [2021-06-06T09:20:35.432Z] >>> [apiv2][query] GET https://api.github.com/repos/format: raynanoveloisabaoy/actions/secrets/public-key type=owner
[debug] [2021-06-06T09:20:36.024Z] <<< [apiv2][status] GET https://api.github.com/repos/format: raynanoveloisabaoy/actions/secrets/public-key 404
[debug] [2021-06-06T09:20:36.024Z] <<< [apiv2][body] GET https://api.github.com/repos/format: raynanoveloisabaoy/actions/secrets/public-key {"message":"Not Found","documentation_url":"https://docs.github.com/rest"}
[debug] [2021-06-06T09:20:51.801Z] >>> [apiv2][query] GET https://api.github.com/repos/RaynaNoveloisaBaoy/actions/secrets/public-key type=owner
[debug] [2021-06-06T09:20:52.308Z] <<< [apiv2][status] GET https://api.github.com/repos/RaynaNoveloisaBaoy/actions/secrets/public-key 404
[debug] [2021-06-06T09:20:52.309Z] <<< [apiv2][body] GET https://api.github.com/repos/RaynaNoveloisaBaoy/actions/secrets/public-key {"message":"Not Found","documentation_url":"https://docs.github.com/rest"}
[debug] [2021-06-06T09:21:10.397Z] >>> [apiv2][query] GET https://api.github.com/repos/format: RaynaNoveloisaBaoy/actions/secrets/public-key type=owner
[debug] [2021-06-06T09:21:11.004Z] <<< [apiv2][status] GET https://api.github.com/repos/format: RaynaNoveloisaBaoy/actions/secrets/public-key 404
[debug] [2021-06-06T09:21:11.004Z] <<< [apiv2][body] GET https://api.github.com/repos/format: RaynaNoveloisaBaoy/actions/secrets/public-key {"message":"Not Found","documentation_url":"https://docs.github.com/rest"}
